<?xml version="1.0" encoding="UTF-8"?>
<!-- Generated by org.testng.reporters.JUnitXMLReporter -->
<testsuite hostname="DESKTOP-GOG4L22" ignored="0" name="LoginTestchrome" tests="5" failures="3" timestamp="11 Apr 2020 22:35:11 GMT" time="75.197" errors="0">
  <testcase name="loginTest" time="19.91" classname="com.nopcommerce.TestCases.TC_LoginTest_001"/>
  <testcase name="loginTest" time="19.263" classname="com.nopcommerce.TestCases.TC_LoginDDT_002"/>
  <testcase name="loginTest" time="8.02" classname="com.nopcommerce.TestCases.TC_LoginDDT_002">
    <failure type="java.lang.AssertionError" message="expected [true] but found [false]">
      <![CDATA[java.lang.AssertionError: expected [true] but found [false]
at com.nopcommerce.TestCases.TC_LoginDDT_002.loginTest(TC_LoginDDT_002.java:36)
... Removed 29 stack frames]]>
    </failure>
  </testcase> <!-- loginTest -->
  <testcase name="loginTest" time="6.522" classname="com.nopcommerce.TestCases.TC_LoginDDT_002">
    <failure type="java.lang.AssertionError" message="expected [true] but found [false]">
      <![CDATA[java.lang.AssertionError: expected [true] but found [false]
at com.nopcommerce.TestCases.TC_LoginDDT_002.loginTest(TC_LoginDDT_002.java:36)
... Removed 29 stack frames]]>
    </failure>
  </testcase> <!-- loginTest -->
  <testcase name="loginTest" time="7.417" classname="com.nopcommerce.TestCases.TC_LoginDDT_002">
    <failure type="java.lang.AssertionError" message="expected [true] but found [false]">
      <![CDATA[java.lang.AssertionError: expected [true] but found [false]
at com.nopcommerce.TestCases.TC_LoginDDT_002.loginTest(TC_LoginDDT_002.java:36)
... Removed 29 stack frames]]>
    </failure>
  </testcase> <!-- loginTest -->
</testsuite> <!-- LoginTestchrome -->
